<?xml version="1.0" encoding="UTF-8"?>
<!-- Generated by org.testng.reporters.JUnitReportReporter -->
<testsuite hostname="IBM-Testing01" name="DemoWebShopTest.VerifyLogin" tests="1" failures="0" timestamp="5 Mar 2020 04:54:27 GMT" time="19.542" errors="0">
  <testcase name="checklogin" time="19.542" classname="DemoWebShopTest.VerifyLogin"/>
</testsuite> <!-- DemoWebShopTest.VerifyLogin -->
