<?xml version="1.0" encoding="UTF-8"?>
<!-- Generated by org.testng.reporters.JUnitReportReporter -->
<testsuite hostname="IBM-Testing01" name="DemoWebShopTest.VerifyRegistration" tests="1" failures="0" timestamp="5 Mar 2020 06:00:36 GMT" time="22.156" errors="0">
  <testcase name="checkregistration" time="22.156" classname="DemoWebShopTest.VerifyRegistration"/>
</testsuite> <!-- DemoWebShopTest.VerifyRegistration -->
