<?xml version="1.0" encoding="UTF-8"?>
<!-- Generated by org.testng.reporters.JUnitReportReporter -->
<testsuite hostname="IBM-Testing01" name="WebShopFactoryTest.verifyLoginPageFactory" tests="1" failures="0" timestamp="5 Mar 2020 08:57:46 GMT" time="16.568" errors="0">
  <testcase name="checklogin" time="16.568" classname="WebShopFactoryTest.verifyLoginPageFactory"/>
</testsuite> <!-- WebShopFactoryTest.verifyLoginPageFactory -->
